[2026-03-31 23:10:47] Starting CIFAR-10 training
[26/03/31 23:10:49] using device: cuda
[26/03/31 23:10:49] training architecture: resnet26
[26/03/31 23:10:49] best checkpoint path: ./ckpt/cifar10/resnet26_best.pth
[26/03/31 23:10:50] resumed from ckpt/cifar10/resnet26_last.pth at epoch 65 with best_acc 0.8456
[26/03/31 23:11:01] epoch 066/200 | lr 0.07679 | train_loss 0.3579 | train_acc 87.70% | test_loss 0.5846 | test_acc 81.49% | best_acc 84.56%
[26/03/31 23:11:13] epoch 067/200 | lr 0.07612 | train_loss 0.3570 | train_acc 87.85% | test_loss 0.4958 | test_acc 83.42% | best_acc 84.56%
[26/03/31 23:11:24] epoch 068/200 | lr 0.07545 | train_loss 0.3542 | train_acc 87.91% | test_loss 0.5382 | test_acc 81.77% | best_acc 84.56%
[26/03/31 23:11:36] epoch 069/200 | lr 0.07477 | train_loss 0.3564 | train_acc 87.82% | test_loss 0.6806 | test_acc 78.90% | best_acc 84.56%
[26/03/31 23:11:47] epoch 070/200 | lr 0.07409 | train_loss 0.3539 | train_acc 87.72% | test_loss 0.5447 | test_acc 82.31% | best_acc 84.56%
[26/03/31 23:11:59] epoch 071/200 | lr 0.07340 | train_loss 0.3534 | train_acc 88.00% | test_loss 0.4429 | test_acc 85.45% | best_acc 85.45%
[26/03/31 23:12:10] epoch 072/200 | lr 0.07270 | train_loss 0.3461 | train_acc 88.16% | test_loss 0.5173 | test_acc 83.12% | best_acc 85.45%
[26/03/31 23:12:21] epoch 073/200 | lr 0.07200 | train_loss 0.3475 | train_acc 88.22% | test_loss 0.4896 | test_acc 83.67% | best_acc 85.45%
[26/03/31 23:12:33] epoch 074/200 | lr 0.07129 | train_loss 0.3374 | train_acc 88.47% | test_loss 0.6590 | test_acc 79.32% | best_acc 85.45%
[26/03/31 23:12:44] epoch 075/200 | lr 0.07058 | train_loss 0.3420 | train_acc 88.26% | test_loss 0.5816 | test_acc 81.12% | best_acc 85.45%
[26/03/31 23:12:56] epoch 076/200 | lr 0.06986 | train_loss 0.3395 | train_acc 88.22% | test_loss 0.4425 | test_acc 85.31% | best_acc 85.45%
[26/03/31 23:13:07] epoch 077/200 | lr 0.06913 | train_loss 0.3404 | train_acc 88.33% | test_loss 0.6469 | test_acc 80.05% | best_acc 85.45%
[26/03/31 23:13:19] epoch 078/200 | lr 0.06841 | train_loss 0.3345 | train_acc 88.46% | test_loss 0.7546 | test_acc 76.73% | best_acc 85.45%
[26/03/31 23:13:30] epoch 079/200 | lr 0.06767 | train_loss 0.3323 | train_acc 88.56% | test_loss 0.4847 | test_acc 83.97% | best_acc 85.45%
[26/03/31 23:13:41] epoch 080/200 | lr 0.06694 | train_loss 0.3293 | train_acc 88.73% | test_loss 0.5088 | test_acc 83.43% | best_acc 85.45%
[26/03/31 23:13:53] epoch 081/200 | lr 0.06620 | train_loss 0.3294 | train_acc 88.68% | test_loss 0.6496 | test_acc 79.42% | best_acc 85.45%
[26/03/31 23:14:04] epoch 082/200 | lr 0.06545 | train_loss 0.3243 | train_acc 88.84% | test_loss 0.6343 | test_acc 80.04% | best_acc 85.45%
[26/03/31 23:14:16] epoch 083/200 | lr 0.06470 | train_loss 0.3223 | train_acc 88.94% | test_loss 0.4794 | test_acc 84.16% | best_acc 85.45%
[26/03/31 23:14:27] epoch 084/200 | lr 0.06395 | train_loss 0.3220 | train_acc 88.83% | test_loss 0.4300 | test_acc 85.24% | best_acc 85.45%
[26/03/31 23:14:38] epoch 085/200 | lr 0.06319 | train_loss 0.3210 | train_acc 89.09% | test_loss 0.4285 | test_acc 85.94% | best_acc 85.94%
[26/03/31 23:14:50] epoch 086/200 | lr 0.06243 | train_loss 0.3202 | train_acc 88.91% | test_loss 0.5179 | test_acc 83.13% | best_acc 85.94%
[26/03/31 23:15:01] epoch 087/200 | lr 0.06167 | train_loss 0.3181 | train_acc 89.03% | test_loss 0.5665 | test_acc 82.26% | best_acc 85.94%
[26/03/31 23:15:13] epoch 088/200 | lr 0.06091 | train_loss 0.3124 | train_acc 89.21% | test_loss 0.5231 | test_acc 83.23% | best_acc 85.94%
[26/03/31 23:15:24] epoch 089/200 | lr 0.06014 | train_loss 0.3103 | train_acc 89.35% | test_loss 0.5536 | test_acc 82.55% | best_acc 85.94%
[26/03/31 23:15:36] epoch 090/200 | lr 0.05937 | train_loss 0.3120 | train_acc 89.23% | test_loss 0.4528 | test_acc 84.88% | best_acc 85.94%
[26/03/31 23:15:47] epoch 091/200 | lr 0.05860 | train_loss 0.3128 | train_acc 89.31% | test_loss 0.4753 | test_acc 84.16% | best_acc 85.94%
[26/03/31 23:15:58] epoch 092/200 | lr 0.05782 | train_loss 0.3044 | train_acc 89.54% | test_loss 0.4570 | test_acc 84.89% | best_acc 85.94%
[26/03/31 23:16:10] epoch 093/200 | lr 0.05705 | train_loss 0.2996 | train_acc 89.57% | test_loss 0.5253 | test_acc 82.92% | best_acc 85.94%
[26/03/31 23:16:21] epoch 094/200 | lr 0.05627 | train_loss 0.3016 | train_acc 89.65% | test_loss 0.4778 | test_acc 84.83% | best_acc 85.94%
[26/03/31 23:16:33] epoch 095/200 | lr 0.05549 | train_loss 0.2995 | train_acc 89.66% | test_loss 0.4239 | test_acc 86.06% | best_acc 86.06%
[26/03/31 23:16:44] epoch 096/200 | lr 0.05471 | train_loss 0.2950 | train_acc 89.78% | test_loss 0.4741 | test_acc 85.14% | best_acc 86.06%
[26/03/31 23:16:55] epoch 097/200 | lr 0.05392 | train_loss 0.2925 | train_acc 89.96% | test_loss 0.4160 | test_acc 85.98% | best_acc 86.06%
[26/03/31 23:17:07] epoch 098/200 | lr 0.05314 | train_loss 0.2967 | train_acc 89.68% | test_loss 0.4296 | test_acc 85.78% | best_acc 86.06%
[26/03/31 23:17:18] epoch 099/200 | lr 0.05236 | train_loss 0.2882 | train_acc 90.07% | test_loss 0.5835 | test_acc 81.82% | best_acc 86.06%
[26/03/31 23:17:30] epoch 100/200 | lr 0.05157 | train_loss 0.2886 | train_acc 89.90% | test_loss 0.4742 | test_acc 84.17% | best_acc 86.06%
[26/03/31 23:17:41] epoch 101/200 | lr 0.05079 | train_loss 0.2834 | train_acc 90.35% | test_loss 0.3912 | test_acc 86.78% | best_acc 86.78%
[26/03/31 23:17:53] epoch 102/200 | lr 0.05000 | train_loss 0.2838 | train_acc 90.35% | test_loss 0.4297 | test_acc 85.78% | best_acc 86.78%
[26/03/31 23:18:04] epoch 103/200 | lr 0.04921 | train_loss 0.2778 | train_acc 90.55% | test_loss 0.4722 | test_acc 84.68% | best_acc 86.78%
[26/03/31 23:18:15] epoch 104/200 | lr 0.04843 | train_loss 0.2754 | train_acc 90.57% | test_loss 0.3834 | test_acc 87.61% | best_acc 87.61%
[26/03/31 23:18:27] epoch 105/200 | lr 0.04764 | train_loss 0.2728 | train_acc 90.71% | test_loss 0.4679 | test_acc 85.22% | best_acc 87.61%
[26/03/31 23:18:38] epoch 106/200 | lr 0.04686 | train_loss 0.2677 | train_acc 90.69% | test_loss 0.5023 | test_acc 83.54% | best_acc 87.61%
[26/03/31 23:18:50] epoch 107/200 | lr 0.04608 | train_loss 0.2730 | train_acc 90.56% | test_loss 0.4414 | test_acc 85.27% | best_acc 87.61%
[26/03/31 23:19:01] epoch 108/200 | lr 0.04529 | train_loss 0.2636 | train_acc 90.81% | test_loss 0.6354 | test_acc 80.42% | best_acc 87.61%
[26/03/31 23:19:13] epoch 109/200 | lr 0.04451 | train_loss 0.2665 | train_acc 90.79% | test_loss 0.5077 | test_acc 84.04% | best_acc 87.61%
[26/03/31 23:19:24] epoch 110/200 | lr 0.04373 | train_loss 0.2623 | train_acc 90.96% | test_loss 0.3866 | test_acc 87.29% | best_acc 87.61%
[26/03/31 23:19:35] epoch 111/200 | lr 0.04295 | train_loss 0.2589 | train_acc 91.03% | test_loss 0.3887 | test_acc 87.31% | best_acc 87.61%
[26/03/31 23:19:47] epoch 112/200 | lr 0.04218 | train_loss 0.2581 | train_acc 91.25% | test_loss 0.4698 | test_acc 84.65% | best_acc 87.61%
[26/03/31 23:19:58] epoch 113/200 | lr 0.04140 | train_loss 0.2541 | train_acc 91.15% | test_loss 0.3709 | test_acc 87.55% | best_acc 87.61%
[26/03/31 23:20:10] epoch 114/200 | lr 0.04063 | train_loss 0.2517 | train_acc 91.22% | test_loss 0.3716 | test_acc 87.51% | best_acc 87.61%
[26/03/31 23:20:21] epoch 115/200 | lr 0.03986 | train_loss 0.2498 | train_acc 91.47% | test_loss 0.3987 | test_acc 87.30% | best_acc 87.61%
[26/03/31 23:20:33] epoch 116/200 | lr 0.03909 | train_loss 0.2461 | train_acc 91.60% | test_loss 0.3552 | test_acc 88.23% | best_acc 88.23%
[26/03/31 23:20:44] epoch 117/200 | lr 0.03833 | train_loss 0.2458 | train_acc 91.45% | test_loss 0.3987 | test_acc 87.06% | best_acc 88.23%
[26/03/31 23:20:56] epoch 118/200 | lr 0.03757 | train_loss 0.2421 | train_acc 91.71% | test_loss 0.4652 | test_acc 85.65% | best_acc 88.23%
[26/03/31 23:21:07] epoch 119/200 | lr 0.03681 | train_loss 0.2373 | train_acc 91.79% | test_loss 0.4593 | test_acc 85.43% | best_acc 88.23%
[26/03/31 23:21:18] epoch 120/200 | lr 0.03605 | train_loss 0.2366 | train_acc 91.87% | test_loss 0.3686 | test_acc 87.96% | best_acc 88.23%
[26/03/31 23:21:30] epoch 121/200 | lr 0.03530 | train_loss 0.2318 | train_acc 92.05% | test_loss 0.3903 | test_acc 87.24% | best_acc 88.23%
[26/03/31 23:21:41] epoch 122/200 | lr 0.03455 | train_loss 0.2276 | train_acc 92.18% | test_loss 0.3750 | test_acc 87.71% | best_acc 88.23%
[26/03/31 23:21:53] epoch 123/200 | lr 0.03380 | train_loss 0.2210 | train_acc 92.44% | test_loss 0.3324 | test_acc 89.10% | best_acc 89.10%
[26/03/31 23:22:04] epoch 124/200 | lr 0.03306 | train_loss 0.2227 | train_acc 92.36% | test_loss 0.3855 | test_acc 87.41% | best_acc 89.10%
[26/03/31 23:22:16] epoch 125/200 | lr 0.03233 | train_loss 0.2162 | train_acc 92.45% | test_loss 0.4269 | test_acc 86.17% | best_acc 89.10%
[26/03/31 23:22:27] epoch 126/200 | lr 0.03159 | train_loss 0.2136 | train_acc 92.62% | test_loss 0.3537 | test_acc 88.57% | best_acc 89.10%
[26/03/31 23:22:38] epoch 127/200 | lr 0.03087 | train_loss 0.2157 | train_acc 92.55% | test_loss 0.3543 | test_acc 88.82% | best_acc 89.10%
[26/03/31 23:22:50] epoch 128/200 | lr 0.03014 | train_loss 0.2084 | train_acc 92.84% | test_loss 0.3558 | test_acc 88.61% | best_acc 89.10%
[26/03/31 23:23:01] epoch 129/200 | lr 0.02942 | train_loss 0.2062 | train_acc 92.87% | test_loss 0.5113 | test_acc 84.16% | best_acc 89.10%
[26/03/31 23:23:13] epoch 130/200 | lr 0.02871 | train_loss 0.2041 | train_acc 92.92% | test_loss 0.3665 | test_acc 88.09% | best_acc 89.10%
[26/03/31 23:23:24] epoch 131/200 | lr 0.02800 | train_loss 0.1989 | train_acc 93.14% | test_loss 0.3451 | test_acc 88.83% | best_acc 89.10%
[26/03/31 23:23:36] epoch 132/200 | lr 0.02730 | train_loss 0.1996 | train_acc 93.12% | test_loss 0.3312 | test_acc 89.34% | best_acc 89.34%
[26/03/31 23:23:47] epoch 133/200 | lr 0.02660 | train_loss 0.1933 | train_acc 93.37% | test_loss 0.3426 | test_acc 89.20% | best_acc 89.34%
[26/03/31 23:23:58] epoch 134/200 | lr 0.02591 | train_loss 0.1884 | train_acc 93.47% | test_loss 0.4162 | test_acc 86.34% | best_acc 89.34%
[26/03/31 23:24:10] epoch 135/200 | lr 0.02523 | train_loss 0.1884 | train_acc 93.52% | test_loss 0.3511 | test_acc 89.12% | best_acc 89.34%
[26/03/31 23:24:21] epoch 136/200 | lr 0.02455 | train_loss 0.1799 | train_acc 93.80% | test_loss 0.3848 | test_acc 87.91% | best_acc 89.34%
[26/03/31 23:24:33] epoch 137/200 | lr 0.02388 | train_loss 0.1804 | train_acc 93.74% | test_loss 0.3238 | test_acc 89.70% | best_acc 89.70%
[26/03/31 23:24:44] epoch 138/200 | lr 0.02321 | train_loss 0.1764 | train_acc 93.87% | test_loss 0.3040 | test_acc 89.95% | best_acc 89.95%
[26/03/31 23:24:56] epoch 139/200 | lr 0.02255 | train_loss 0.1708 | train_acc 94.13% | test_loss 0.3629 | test_acc 88.66% | best_acc 89.95%
[26/03/31 23:25:07] epoch 140/200 | lr 0.02190 | train_loss 0.1713 | train_acc 94.09% | test_loss 0.3742 | test_acc 88.46% | best_acc 89.95%
[26/03/31 23:25:18] epoch 141/200 | lr 0.02125 | train_loss 0.1673 | train_acc 94.24% | test_loss 0.3799 | test_acc 88.33% | best_acc 89.95%
[26/03/31 23:25:30] epoch 142/200 | lr 0.02061 | train_loss 0.1637 | train_acc 94.38% | test_loss 0.3613 | test_acc 88.41% | best_acc 89.95%
[26/03/31 23:25:41] epoch 143/200 | lr 0.01998 | train_loss 0.1609 | train_acc 94.34% | test_loss 0.3260 | test_acc 89.54% | best_acc 89.95%
[26/03/31 23:25:53] epoch 144/200 | lr 0.01935 | train_loss 0.1537 | train_acc 94.67% | test_loss 0.3282 | test_acc 89.73% | best_acc 89.95%
[26/03/31 23:26:04] epoch 145/200 | lr 0.01874 | train_loss 0.1542 | train_acc 94.75% | test_loss 0.3351 | test_acc 89.80% | best_acc 89.95%
[26/03/31 23:26:16] epoch 146/200 | lr 0.01813 | train_loss 0.1487 | train_acc 94.89% | test_loss 0.3849 | test_acc 88.36% | best_acc 89.95%
[26/03/31 23:26:27] epoch 147/200 | lr 0.01753 | train_loss 0.1450 | train_acc 95.00% | test_loss 0.3602 | test_acc 89.11% | best_acc 89.95%
[26/03/31 23:26:38] epoch 148/200 | lr 0.01693 | train_loss 0.1345 | train_acc 95.37% | test_loss 0.3410 | test_acc 89.78% | best_acc 89.95%
[26/03/31 23:26:50] epoch 149/200 | lr 0.01635 | train_loss 0.1343 | train_acc 95.42% | test_loss 0.3161 | test_acc 90.37% | best_acc 90.37%
[26/03/31 23:27:01] epoch 150/200 | lr 0.01577 | train_loss 0.1306 | train_acc 95.48% | test_loss 0.3626 | test_acc 89.06% | best_acc 90.37%
[26/03/31 23:27:13] epoch 151/200 | lr 0.01520 | train_loss 0.1318 | train_acc 95.50% | test_loss 0.3386 | test_acc 89.26% | best_acc 90.37%
[26/03/31 23:27:24] epoch 152/200 | lr 0.01464 | train_loss 0.1254 | train_acc 95.74% | test_loss 0.2916 | test_acc 91.25% | best_acc 91.25%
[26/03/31 23:27:36] epoch 153/200 | lr 0.01409 | train_loss 0.1217 | train_acc 95.77% | test_loss 0.3176 | test_acc 90.54% | best_acc 91.25%
[26/03/31 23:27:47] epoch 154/200 | lr 0.01355 | train_loss 0.1230 | train_acc 95.74% | test_loss 0.2822 | test_acc 91.11% | best_acc 91.25%
[26/03/31 23:27:59] epoch 155/200 | lr 0.01302 | train_loss 0.1098 | train_acc 96.25% | test_loss 0.3488 | test_acc 89.65% | best_acc 91.25%
[26/03/31 23:28:10] epoch 156/200 | lr 0.01249 | train_loss 0.1130 | train_acc 96.03% | test_loss 0.3147 | test_acc 90.94% | best_acc 91.25%
[26/03/31 23:28:22] epoch 157/200 | lr 0.01198 | train_loss 0.1013 | train_acc 96.51% | test_loss 0.2859 | test_acc 91.43% | best_acc 91.43%
[26/03/31 23:28:33] epoch 158/200 | lr 0.01147 | train_loss 0.0975 | train_acc 96.69% | test_loss 0.3046 | test_acc 90.75% | best_acc 91.43%
[26/03/31 23:28:45] epoch 159/200 | lr 0.01098 | train_loss 0.0957 | train_acc 96.75% | test_loss 0.2942 | test_acc 91.02% | best_acc 91.43%
[26/03/31 23:28:56] epoch 160/200 | lr 0.01049 | train_loss 0.0916 | train_acc 96.86% | test_loss 0.2952 | test_acc 91.34% | best_acc 91.43%
[26/03/31 23:29:07] epoch 161/200 | lr 0.01002 | train_loss 0.0863 | train_acc 97.07% | test_loss 0.3332 | test_acc 90.60% | best_acc 91.43%
[26/03/31 23:29:19] epoch 162/200 | lr 0.00955 | train_loss 0.0836 | train_acc 97.18% | test_loss 0.2835 | test_acc 91.72% | best_acc 91.72%
[26/03/31 23:29:30] epoch 163/200 | lr 0.00909 | train_loss 0.0792 | train_acc 97.39% | test_loss 0.3263 | test_acc 90.54% | best_acc 91.72%
[26/03/31 23:29:42] epoch 164/200 | lr 0.00865 | train_loss 0.0740 | train_acc 97.53% | test_loss 0.3037 | test_acc 91.39% | best_acc 91.72%
[26/03/31 23:29:53] epoch 165/200 | lr 0.00821 | train_loss 0.0704 | train_acc 97.68% | test_loss 0.3233 | test_acc 91.04% | best_acc 91.72%
[26/03/31 23:30:05] epoch 166/200 | lr 0.00778 | train_loss 0.0676 | train_acc 97.71% | test_loss 0.2784 | test_acc 92.08% | best_acc 92.08%
[26/03/31 23:30:16] epoch 167/200 | lr 0.00737 | train_loss 0.0616 | train_acc 97.97% | test_loss 0.3167 | test_acc 90.99% | best_acc 92.08%
[26/03/31 23:30:27] epoch 168/200 | lr 0.00696 | train_loss 0.0571 | train_acc 98.11% | test_loss 0.3005 | test_acc 91.81% | best_acc 92.08%
[26/03/31 23:30:39] epoch 169/200 | lr 0.00657 | train_loss 0.0532 | train_acc 98.27% | test_loss 0.2911 | test_acc 91.97% | best_acc 92.08%
[26/03/31 23:30:50] epoch 170/200 | lr 0.00618 | train_loss 0.0489 | train_acc 98.44% | test_loss 0.2900 | test_acc 92.08% | best_acc 92.08%
[26/03/31 23:31:02] epoch 171/200 | lr 0.00581 | train_loss 0.0459 | train_acc 98.50% | test_loss 0.2838 | test_acc 92.24% | best_acc 92.24%
[26/03/31 23:31:13] epoch 172/200 | lr 0.00545 | train_loss 0.0434 | train_acc 98.67% | test_loss 0.2873 | test_acc 92.20% | best_acc 92.24%
[26/03/31 23:31:25] epoch 173/200 | lr 0.00510 | train_loss 0.0393 | train_acc 98.79% | test_loss 0.2862 | test_acc 92.22% | best_acc 92.24%
[26/03/31 23:31:36] epoch 174/200 | lr 0.00476 | train_loss 0.0359 | train_acc 98.91% | test_loss 0.2746 | test_acc 92.54% | best_acc 92.54%
[26/03/31 23:31:47] epoch 175/200 | lr 0.00443 | train_loss 0.0331 | train_acc 99.03% | test_loss 0.2777 | test_acc 92.63% | best_acc 92.63%
[26/03/31 23:31:59] epoch 176/200 | lr 0.00411 | train_loss 0.0317 | train_acc 99.07% | test_loss 0.2851 | test_acc 92.57% | best_acc 92.63%
[26/03/31 23:32:10] epoch 177/200 | lr 0.00381 | train_loss 0.0266 | train_acc 99.27% | test_loss 0.2825 | test_acc 92.70% | best_acc 92.70%
[26/03/31 23:32:22] epoch 178/200 | lr 0.00351 | train_loss 0.0261 | train_acc 99.24% | test_loss 0.2799 | test_acc 92.72% | best_acc 92.72%
[26/03/31 23:32:33] epoch 179/200 | lr 0.00323 | train_loss 0.0222 | train_acc 99.43% | test_loss 0.2832 | test_acc 92.73% | best_acc 92.73%
[26/03/31 23:32:45] epoch 180/200 | lr 0.00296 | train_loss 0.0212 | train_acc 99.44% | test_loss 0.2772 | test_acc 92.84% | best_acc 92.84%
[26/03/31 23:32:56] epoch 181/200 | lr 0.00270 | train_loss 0.0197 | train_acc 99.50% | test_loss 0.2814 | test_acc 92.76% | best_acc 92.84%
[26/03/31 23:33:07] epoch 182/200 | lr 0.00245 | train_loss 0.0166 | train_acc 99.62% | test_loss 0.2748 | test_acc 93.12% | best_acc 93.12%
[26/03/31 23:33:19] epoch 183/200 | lr 0.00221 | train_loss 0.0155 | train_acc 99.68% | test_loss 0.2738 | test_acc 93.11% | best_acc 93.12%
[26/03/31 23:33:30] epoch 184/200 | lr 0.00199 | train_loss 0.0150 | train_acc 99.67% | test_loss 0.2699 | test_acc 93.09% | best_acc 93.12%
[26/03/31 23:33:42] epoch 185/200 | lr 0.00177 | train_loss 0.0135 | train_acc 99.72% | test_loss 0.2700 | test_acc 93.25% | best_acc 93.25%
[26/03/31 23:33:53] epoch 186/200 | lr 0.00157 | train_loss 0.0125 | train_acc 99.74% | test_loss 0.2756 | test_acc 93.05% | best_acc 93.25%
[26/03/31 23:34:04] epoch 187/200 | lr 0.00138 | train_loss 0.0116 | train_acc 99.78% | test_loss 0.2716 | test_acc 93.21% | best_acc 93.25%
[26/03/31 23:34:16] epoch 188/200 | lr 0.00120 | train_loss 0.0122 | train_acc 99.74% | test_loss 0.2722 | test_acc 93.18% | best_acc 93.25%
[26/03/31 23:34:27] epoch 189/200 | lr 0.00104 | train_loss 0.0112 | train_acc 99.76% | test_loss 0.2711 | test_acc 93.37% | best_acc 93.37%
[26/03/31 23:34:39] epoch 190/200 | lr 0.00089 | train_loss 0.0107 | train_acc 99.81% | test_loss 0.2699 | test_acc 93.26% | best_acc 93.37%
[26/03/31 23:34:50] epoch 191/200 | lr 0.00074 | train_loss 0.0105 | train_acc 99.82% | test_loss 0.2698 | test_acc 93.42% | best_acc 93.42%
[26/03/31 23:35:01] epoch 192/200 | lr 0.00062 | train_loss 0.0094 | train_acc 99.85% | test_loss 0.2745 | test_acc 93.37% | best_acc 93.42%
[26/03/31 23:35:13] epoch 193/200 | lr 0.00050 | train_loss 0.0093 | train_acc 99.83% | test_loss 0.2714 | test_acc 93.38% | best_acc 93.42%
[26/03/31 23:35:24] epoch 194/200 | lr 0.00039 | train_loss 0.0097 | train_acc 99.83% | test_loss 0.2715 | test_acc 93.26% | best_acc 93.42%
[26/03/31 23:35:36] epoch 195/200 | lr 0.00030 | train_loss 0.0093 | train_acc 99.84% | test_loss 0.2717 | test_acc 93.36% | best_acc 93.42%
[26/03/31 23:35:47] epoch 196/200 | lr 0.00022 | train_loss 0.0089 | train_acc 99.86% | test_loss 0.2675 | test_acc 93.39% | best_acc 93.42%
[26/03/31 23:35:58] epoch 197/200 | lr 0.00015 | train_loss 0.0090 | train_acc 99.82% | test_loss 0.2706 | test_acc 93.23% | best_acc 93.42%
[26/03/31 23:36:10] epoch 198/200 | lr 0.00010 | train_loss 0.0089 | train_acc 99.86% | test_loss 0.2673 | test_acc 93.40% | best_acc 93.42%
[26/03/31 23:36:21] epoch 199/200 | lr 0.00006 | train_loss 0.0086 | train_acc 99.88% | test_loss 0.2695 | test_acc 93.27% | best_acc 93.42%
[26/03/31 23:36:32] epoch 200/200 | lr 0.00002 | train_loss 0.0088 | train_acc 99.86% | test_loss 0.2718 | test_acc 93.33% | best_acc 93.42%
./run_full_pipeline.sh: line 96: unexpected EOF while looking for matching `"'
