[2026-03-31 23:53:26] Starting CIFAR-10 training
[26/03/31 23:53:28] using device: cuda
[26/03/31 23:53:28] training architecture: resnet26
[26/03/31 23:53:28] best checkpoint path: ./ckpt/cifar10/resnet26_best.pth
[26/03/31 23:53:29] resumed from ckpt/cifar10/resnet26_last.pth at epoch 200 with best_acc 0.9342
[2026-03-31 23:53:29] Training complete, starting source evaluation
[26/03/31 23:53:31] [conf.py:  223]: PyTorch Version: torch=2.5.1, cuda=11.8, cudnn=90100
[26/03/31 23:53:31] [conf.py:  225]: BN:
  EPS: 1e-05
  MOM: 0.1
CKPT_DIR: ./ckpt
CORRUPTION:
  DATASET: cifar10
  NUM_EX: 10000
  SEVERITY: [5, 4, 3, 2, 1]
  TYPE: ['gaussian_noise', 'shot_noise', 'impulse_noise', 'defocus_blur', 'glass_blur', 'motion_blur', 'zoom_blur', 'snow', 'frost', 'fog', 'brightness', 'contrast', 'elastic_transform', 'pixelate', 'jpeg_compression']
CUDNN:
  BENCHMARK: True
DATA_DIR: ./data
DESC: 
DEVICE: auto
LOG_DEST: source_260331_235331.txt
LOG_TIME: 260331_235331
MODEL:
  ADAPTATION: source
  ARCH: resnet26
  CKPT_PATH: ./ckpt/cifar10/resnet26_best.pth
  EPISODIC: False
  NUM_CLASSES: 10
OPTIM:
  BETA: 0.9
  DAMPENING: 0.0
  LR: 0.001
  METHOD: Adam
  MOMENTUM: 0.9
  NESTEROV: True
  STEPS: 1
  WD: 0.0
RNG_SEED: 1
SAVE_DIR: ./output
TEST:
  BATCH_SIZE: 200
  EVAL_CLEAN: True
  NUM_WORKERS: 2
[26/03/31 23:53:31] [cifar10c.py:   58]: using device: cuda
[26/03/31 23:53:32] [cifar10c.py:   21]: loaded checkpoint: ./ckpt/cifar10/resnet26_best.pth
[26/03/31 23:53:32] [cifar10c.py:   23]: checkpoint metadata: epoch=191, best_acc=0.9342
[26/03/31 23:53:32] [cifar10c.py:   62]: test-time adaptation: NONE
[26/03/31 23:53:32] [cifar10c.py:  104]: model for evaluation: CifarResNet
[26/03/31 23:53:32] [cifar10c.py:   52]: model does not require reset
[26/03/31 23:53:33] [cifar10c.py:   83]: clean error % [cifar10]: 6.59%
[26/03/31 23:53:33] [cifar10c.py:   52]: model does not require reset
[26/03/31 23:53:34] [cifar10c.py:   98]: error % [gaussian_noise5]: 72.83%
[26/03/31 23:53:34] [cifar10c.py:   52]: model does not require reset
[26/03/31 23:53:34] [cifar10c.py:   98]: error % [shot_noise5]: 67.40%
[26/03/31 23:53:34] [cifar10c.py:   52]: model does not require reset
[26/03/31 23:53:35] [cifar10c.py:   98]: error % [impulse_noise5]: 71.94%
[26/03/31 23:53:35] [cifar10c.py:   52]: model does not require reset
[26/03/31 23:53:36] [cifar10c.py:   98]: error % [defocus_blur5]: 46.00%
[26/03/31 23:53:36] [cifar10c.py:   52]: model does not require reset
[26/03/31 23:53:36] [cifar10c.py:   98]: error % [glass_blur5]: 54.84%
[26/03/31 23:53:36] [cifar10c.py:   52]: model does not require reset
[26/03/31 23:53:37] [cifar10c.py:   98]: error % [motion_blur5]: 39.27%
[26/03/31 23:53:37] [cifar10c.py:   52]: model does not require reset
[26/03/31 23:53:37] [cifar10c.py:   98]: error % [zoom_blur5]: 42.12%
[26/03/31 23:53:37] [cifar10c.py:   52]: model does not require reset
[26/03/31 23:53:38] [cifar10c.py:   98]: error % [snow5]: 28.27%
[26/03/31 23:53:38] [cifar10c.py:   52]: model does not require reset
[26/03/31 23:53:39] [cifar10c.py:   98]: error % [frost5]: 41.64%
[26/03/31 23:53:39] [cifar10c.py:   52]: model does not require reset
[26/03/31 23:53:39] [cifar10c.py:   98]: error % [fog5]: 32.79%
[26/03/31 23:53:39] [cifar10c.py:   52]: model does not require reset
[26/03/31 23:53:40] [cifar10c.py:   98]: error % [brightness5]: 10.98%
[26/03/31 23:53:40] [cifar10c.py:   52]: model does not require reset
[26/03/31 23:53:41] [cifar10c.py:   98]: error % [contrast5]: 69.02%
[26/03/31 23:53:41] [cifar10c.py:   52]: model does not require reset
[26/03/31 23:53:41] [cifar10c.py:   98]: error % [elastic_transform5]: 29.02%
[26/03/31 23:53:41] [cifar10c.py:   52]: model does not require reset
[26/03/31 23:53:42] [cifar10c.py:   98]: error % [pixelate5]: 61.97%
[26/03/31 23:53:42] [cifar10c.py:   52]: model does not require reset
[26/03/31 23:53:43] [cifar10c.py:   98]: error % [jpeg_compression5]: 30.32%
[26/03/31 23:53:43] [cifar10c.py:   52]: model does not require reset
[26/03/31 23:53:43] [cifar10c.py:   98]: error % [gaussian_noise4]: 69.36%
[26/03/31 23:53:43] [cifar10c.py:   52]: model does not require reset
[26/03/31 23:53:44] [cifar10c.py:   98]: error % [shot_noise4]: 58.17%
[26/03/31 23:53:44] [cifar10c.py:   52]: model does not require reset
[26/03/31 23:53:45] [cifar10c.py:   98]: error % [impulse_noise4]: 56.00%
[26/03/31 23:53:45] [cifar10c.py:   52]: model does not require reset
[26/03/31 23:53:45] [cifar10c.py:   98]: error % [defocus_blur4]: 24.22%
[26/03/31 23:53:45] [cifar10c.py:   52]: model does not require reset
[26/03/31 23:53:46] [cifar10c.py:   98]: error % [glass_blur4]: 56.58%
[26/03/31 23:53:46] [cifar10c.py:   52]: model does not require reset
[26/03/31 23:53:46] [cifar10c.py:   98]: error % [motion_blur4]: 29.85%
[26/03/31 23:53:46] [cifar10c.py:   52]: model does not require reset
[26/03/31 23:53:47] [cifar10c.py:   98]: error % [zoom_blur4]: 31.43%
[26/03/31 23:53:47] [cifar10c.py:   52]: model does not require reset
[26/03/31 23:53:48] [cifar10c.py:   98]: error % [snow4]: 22.97%
[26/03/31 23:53:48] [cifar10c.py:   52]: model does not require reset
[26/03/31 23:53:48] [cifar10c.py:   98]: error % [frost4]: 30.22%
[26/03/31 23:53:48] [cifar10c.py:   52]: model does not require reset
[26/03/31 23:53:49] [cifar10c.py:   98]: error % [fog4]: 14.09%
[26/03/31 23:53:49] [cifar10c.py:   52]: model does not require reset
[26/03/31 23:53:50] [cifar10c.py:   98]: error % [brightness4]: 8.63%
[26/03/31 23:53:50] [cifar10c.py:   52]: model does not require reset
[26/03/31 23:53:50] [cifar10c.py:   98]: error % [contrast4]: 26.07%
[26/03/31 23:53:50] [cifar10c.py:   52]: model does not require reset
[26/03/31 23:53:51] [cifar10c.py:   98]: error % [elastic_transform4]: 23.91%
[26/03/31 23:53:51] [cifar10c.py:   52]: model does not require reset
[26/03/31 23:53:52] [cifar10c.py:   98]: error % [pixelate4]: 43.33%
[26/03/31 23:53:52] [cifar10c.py:   52]: model does not require reset
[26/03/31 23:53:52] [cifar10c.py:   98]: error % [jpeg_compression4]: 25.95%
[26/03/31 23:53:52] [cifar10c.py:   52]: model does not require reset
[26/03/31 23:53:53] [cifar10c.py:   98]: error % [gaussian_noise3]: 63.58%
[26/03/31 23:53:53] [cifar10c.py:   52]: model does not require reset
[26/03/31 23:53:53] [cifar10c.py:   98]: error % [shot_noise3]: 51.29%
[26/03/31 23:53:53] [cifar10c.py:   52]: model does not require reset
[26/03/31 23:53:54] [cifar10c.py:   98]: error % [impulse_noise3]: 37.99%
[26/03/31 23:53:54] [cifar10c.py:   52]: model does not require reset
[26/03/31 23:53:55] [cifar10c.py:   98]: error % [defocus_blur3]: 14.53%
[26/03/31 23:53:55] [cifar10c.py:   52]: model does not require reset
[26/03/31 23:53:55] [cifar10c.py:   98]: error % [glass_blur3]: 44.55%
[26/03/31 23:53:55] [cifar10c.py:   52]: model does not require reset
[26/03/31 23:53:56] [cifar10c.py:   98]: error % [motion_blur3]: 29.89%
[26/03/31 23:53:56] [cifar10c.py:   52]: model does not require reset
[26/03/31 23:53:57] [cifar10c.py:   98]: error % [zoom_blur3]: 25.35%
[26/03/31 23:53:57] [cifar10c.py:   52]: model does not require reset
[26/03/31 23:53:57] [cifar10c.py:   98]: error % [snow3]: 19.77%
[26/03/31 23:53:57] [cifar10c.py:   52]: model does not require reset
[26/03/31 23:53:58] [cifar10c.py:   98]: error % [frost3]: 27.87%
[26/03/31 23:53:58] [cifar10c.py:   52]: model does not require reset
[26/03/31 23:53:59] [cifar10c.py:   98]: error % [fog3]: 10.34%
[26/03/31 23:53:59] [cifar10c.py:   52]: model does not require reset
[26/03/31 23:53:59] [cifar10c.py:   98]: error % [brightness3]: 7.80%
[26/03/31 23:53:59] [cifar10c.py:   52]: model does not require reset
[26/03/31 23:54:00] [cifar10c.py:   98]: error % [contrast3]: 15.38%
[26/03/31 23:54:00] [cifar10c.py:   52]: model does not require reset
[26/03/31 23:54:00] [cifar10c.py:   98]: error % [elastic_transform3]: 17.00%
[26/03/31 23:54:00] [cifar10c.py:   52]: model does not require reset
[26/03/31 23:54:01] [cifar10c.py:   98]: error % [pixelate3]: 22.17%
[26/03/31 23:54:01] [cifar10c.py:   52]: model does not require reset
[26/03/31 23:54:02] [cifar10c.py:   98]: error % [jpeg_compression3]: 23.12%
[26/03/31 23:54:02] [cifar10c.py:   52]: model does not require reset
[26/03/31 23:54:02] [cifar10c.py:   98]: error % [gaussian_noise2]: 47.63%
[26/03/31 23:54:02] [cifar10c.py:   52]: model does not require reset
[26/03/31 23:54:03] [cifar10c.py:   98]: error % [shot_noise2]: 28.89%
[26/03/31 23:54:03] [cifar10c.py:   52]: model does not require reset
[26/03/31 23:54:04] [cifar10c.py:   98]: error % [impulse_noise2]: 29.70%
[26/03/31 23:54:04] [cifar10c.py:   52]: model does not require reset
[26/03/31 23:54:04] [cifar10c.py:   98]: error % [defocus_blur2]: 8.60%
[26/03/31 23:54:04] [cifar10c.py:   52]: model does not require reset
[26/03/31 23:54:05] [cifar10c.py:   98]: error % [glass_blur2]: 46.00%
[26/03/31 23:54:05] [cifar10c.py:   52]: model does not require reset
[26/03/31 23:54:06] [cifar10c.py:   98]: error % [motion_blur2]: 20.41%
[26/03/31 23:54:06] [cifar10c.py:   52]: model does not require reset
[26/03/31 23:54:06] [cifar10c.py:   98]: error % [zoom_blur2]: 18.63%
[26/03/31 23:54:06] [cifar10c.py:   52]: model does not require reset
[26/03/31 23:54:07] [cifar10c.py:   98]: error % [snow2]: 22.72%
[26/03/31 23:54:07] [cifar10c.py:   52]: model does not require reset
[26/03/31 23:54:08] [cifar10c.py:   98]: error % [frost2]: 18.16%
[26/03/31 23:54:08] [cifar10c.py:   52]: model does not require reset
[26/03/31 23:54:08] [cifar10c.py:   98]: error % [fog2]: 7.86%
[26/03/31 23:54:08] [cifar10c.py:   52]: model does not require reset
[26/03/31 23:54:09] [cifar10c.py:   98]: error % [brightness2]: 7.14%
[26/03/31 23:54:09] [cifar10c.py:   52]: model does not require reset
[26/03/31 23:54:09] [cifar10c.py:   98]: error % [contrast2]: 11.25%
[26/03/31 23:54:09] [cifar10c.py:   52]: model does not require reset
[26/03/31 23:54:10] [cifar10c.py:   98]: error % [elastic_transform2]: 12.67%
[26/03/31 23:54:10] [cifar10c.py:   52]: model does not require reset
[26/03/31 23:54:11] [cifar10c.py:   98]: error % [pixelate2]: 15.91%
[26/03/31 23:54:11] [cifar10c.py:   52]: model does not require reset
[26/03/31 23:54:11] [cifar10c.py:   98]: error % [jpeg_compression2]: 21.30%
[26/03/31 23:54:11] [cifar10c.py:   52]: model does not require reset
[26/03/31 23:54:12] [cifar10c.py:   98]: error % [gaussian_noise1]: 27.05%
[26/03/31 23:54:12] [cifar10c.py:   52]: model does not require reset
[26/03/31 23:54:13] [cifar10c.py:   98]: error % [shot_noise1]: 18.20%
[26/03/31 23:54:13] [cifar10c.py:   52]: model does not require reset
[26/03/31 23:54:13] [cifar10c.py:   98]: error % [impulse_noise1]: 18.12%
[26/03/31 23:54:13] [cifar10c.py:   52]: model does not require reset
[26/03/31 23:54:14] [cifar10c.py:   98]: error % [defocus_blur1]: 6.86%
[26/03/31 23:54:14] [cifar10c.py:   52]: model does not require reset
[26/03/31 23:54:15] [cifar10c.py:   98]: error % [glass_blur1]: 47.59%
[26/03/31 23:54:15] [cifar10c.py:   52]: model does not require reset
[26/03/31 23:54:15] [cifar10c.py:   98]: error % [motion_blur1]: 12.04%
[26/03/31 23:54:15] [cifar10c.py:   52]: model does not require reset
[26/03/31 23:54:16] [cifar10c.py:   98]: error % [zoom_blur1]: 14.88%
[26/03/31 23:54:16] [cifar10c.py:   52]: model does not require reset
[26/03/31 23:54:17] [cifar10c.py:   98]: error % [snow1]: 12.46%
[26/03/31 23:54:17] [cifar10c.py:   52]: model does not require reset
[26/03/31 23:54:17] [cifar10c.py:   98]: error % [frost1]: 11.76%
[26/03/31 23:54:17] [cifar10c.py:   52]: model does not require reset
[26/03/31 23:54:18] [cifar10c.py:   98]: error % [fog1]: 7.09%
[26/03/31 23:54:18] [cifar10c.py:   52]: model does not require reset
[26/03/31 23:54:18] [cifar10c.py:   98]: error % [brightness1]: 6.76%
[26/03/31 23:54:18] [cifar10c.py:   52]: model does not require reset
[26/03/31 23:54:19] [cifar10c.py:   98]: error % [contrast1]: 7.23%
[26/03/31 23:54:19] [cifar10c.py:   52]: model does not require reset
[26/03/31 23:54:20] [cifar10c.py:   98]: error % [elastic_transform1]: 12.66%
[26/03/31 23:54:20] [cifar10c.py:   52]: model does not require reset
[26/03/31 23:54:20] [cifar10c.py:   98]: error % [pixelate1]: 9.80%
[26/03/31 23:54:20] [cifar10c.py:   52]: model does not require reset
[26/03/31 23:54:21] [cifar10c.py:   98]: error % [jpeg_compression1]: 15.72%
[2026-03-31 23:54:21] Source complete, starting norm evaluation
[26/03/31 23:54:23] [conf.py:  223]: PyTorch Version: torch=2.5.1, cuda=11.8, cudnn=90100
[26/03/31 23:54:23] [conf.py:  225]: BN:
  EPS: 1e-05
  MOM: 0.1
CKPT_DIR: ./ckpt
CORRUPTION:
  DATASET: cifar10
  NUM_EX: 10000
  SEVERITY: [5, 4, 3, 2, 1]
  TYPE: ['gaussian_noise', 'shot_noise', 'impulse_noise', 'defocus_blur', 'glass_blur', 'motion_blur', 'zoom_blur', 'snow', 'frost', 'fog', 'brightness', 'contrast', 'elastic_transform', 'pixelate', 'jpeg_compression']
CUDNN:
  BENCHMARK: True
DATA_DIR: ./data
DESC: 
DEVICE: auto
LOG_DEST: norm_260331_235423.txt
LOG_TIME: 260331_235423
MODEL:
  ADAPTATION: norm
  ARCH: resnet26
  CKPT_PATH: ./ckpt/cifar10/resnet26_best.pth
  EPISODIC: False
  NUM_CLASSES: 10
OPTIM:
  BETA: 0.9
  DAMPENING: 0.0
  LR: 0.001
  METHOD: Adam
  MOMENTUM: 0.9
  NESTEROV: True
  STEPS: 1
  WD: 0.0
RNG_SEED: 1
SAVE_DIR: ./output
TEST:
  BATCH_SIZE: 200
  EVAL_CLEAN: True
  NUM_WORKERS: 2
[26/03/31 23:54:23] [cifar10c.py:   58]: using device: cuda
[26/03/31 23:54:23] [cifar10c.py:   21]: loaded checkpoint: ./ckpt/cifar10/resnet26_best.pth
[26/03/31 23:54:23] [cifar10c.py:   23]: checkpoint metadata: epoch=191, best_acc=0.9342
[26/03/31 23:54:23] [cifar10c.py:   65]: test-time adaptation: NORM
[26/03/31 23:54:24] [cifar10c.py:  112]: model for adaptation: CifarResNet
[26/03/31 23:54:24] [cifar10c.py:  113]: stats for adaptation: ['stem.1.running_mean', 'stem.1.running_var', 'stem.1.num_batches_tracked', 'layer1.0.bn1.running_mean', 'layer1.0.bn1.running_var', 'layer1.0.bn1.num_batches_tracked', 'layer1.0.bn2.running_mean', 'layer1.0.bn2.running_var', 'layer1.0.bn2.num_batches_tracked', 'layer1.1.bn1.running_mean', 'layer1.1.bn1.running_var', 'layer1.1.bn1.num_batches_tracked', 'layer1.1.bn2.running_mean', 'layer1.1.bn2.running_var', 'layer1.1.bn2.num_batches_tracked', 'layer1.2.bn1.running_mean', 'layer1.2.bn1.running_var', 'layer1.2.bn1.num_batches_tracked', 'layer1.2.bn2.running_mean', 'layer1.2.bn2.running_var', 'layer1.2.bn2.num_batches_tracked', 'layer1.3.bn1.running_mean', 'layer1.3.bn1.running_var', 'layer1.3.bn1.num_batches_tracked', 'layer1.3.bn2.running_mean', 'layer1.3.bn2.running_var', 'layer1.3.bn2.num_batches_tracked', 'layer2.0.bn1.running_mean', 'layer2.0.bn1.running_var', 'layer2.0.bn1.num_batches_tracked', 'layer2.0.bn2.running_mean', 'layer2.0.bn2.running_var', 'layer2.0.bn2.num_batches_tracked', 'layer2.0.downsample.1.running_mean', 'layer2.0.downsample.1.running_var', 'layer2.0.downsample.1.num_batches_tracked', 'layer2.1.bn1.running_mean', 'layer2.1.bn1.running_var', 'layer2.1.bn1.num_batches_tracked', 'layer2.1.bn2.running_mean', 'layer2.1.bn2.running_var', 'layer2.1.bn2.num_batches_tracked', 'layer2.2.bn1.running_mean', 'layer2.2.bn1.running_var', 'layer2.2.bn1.num_batches_tracked', 'layer2.2.bn2.running_mean', 'layer2.2.bn2.running_var', 'layer2.2.bn2.num_batches_tracked', 'layer2.3.bn1.running_mean', 'layer2.3.bn1.running_var', 'layer2.3.bn1.num_batches_tracked', 'layer2.3.bn2.running_mean', 'layer2.3.bn2.running_var', 'layer2.3.bn2.num_batches_tracked', 'layer3.0.bn1.running_mean', 'layer3.0.bn1.running_var', 'layer3.0.bn1.num_batches_tracked', 'layer3.0.bn2.running_mean', 'layer3.0.bn2.running_var', 'layer3.0.bn2.num_batches_tracked', 'layer3.0.downsample.1.running_mean', 'layer3.0.downsample.1.running_var', 'layer3.0.downsample.1.num_batches_tracked', 'layer3.1.bn1.running_mean', 'layer3.1.bn1.running_var', 'layer3.1.bn1.num_batches_tracked', 'layer3.1.bn2.running_mean', 'layer3.1.bn2.running_var', 'layer3.1.bn2.num_batches_tracked', 'layer3.2.bn1.running_mean', 'layer3.2.bn1.running_var', 'layer3.2.bn1.num_batches_tracked', 'layer3.2.bn2.running_mean', 'layer3.2.bn2.running_var', 'layer3.2.bn2.num_batches_tracked', 'layer3.3.bn1.running_mean', 'layer3.3.bn1.running_var', 'layer3.3.bn1.num_batches_tracked', 'layer3.3.bn2.running_mean', 'layer3.3.bn2.running_var', 'layer3.3.bn2.num_batches_tracked']
[26/03/31 23:54:24] [cifar10c.py:   50]: resetting model
[26/03/31 23:54:25] [cifar10c.py:   83]: clean error % [cifar10]: 10.08%
[26/03/31 23:54:25] [cifar10c.py:   50]: resetting model
[26/03/31 23:54:26] [cifar10c.py:   98]: error % [gaussian_noise5]: 38.63%
[26/03/31 23:54:26] [cifar10c.py:   50]: resetting model
[26/03/31 23:54:26] [cifar10c.py:   98]: error % [shot_noise5]: 37.00%
[26/03/31 23:54:26] [cifar10c.py:   50]: resetting model
[26/03/31 23:54:27] [cifar10c.py:   98]: error % [impulse_noise5]: 44.76%
[26/03/31 23:54:27] [cifar10c.py:   50]: resetting model
[26/03/31 23:54:28] [cifar10c.py:   98]: error % [defocus_blur5]: 17.02%
[26/03/31 23:54:28] [cifar10c.py:   50]: resetting model
[26/03/31 23:54:28] [cifar10c.py:   98]: error % [glass_blur5]: 42.40%
[26/03/31 23:54:28] [cifar10c.py:   50]: resetting model
[26/03/31 23:54:29] [cifar10c.py:   98]: error % [motion_blur5]: 19.27%
[26/03/31 23:54:29] [cifar10c.py:   50]: resetting model
[26/03/31 23:54:30] [cifar10c.py:   98]: error % [zoom_blur5]: 17.45%
[26/03/31 23:54:30] [cifar10c.py:   50]: resetting model
[26/03/31 23:54:31] [cifar10c.py:   98]: error % [snow5]: 25.58%
[26/03/31 23:54:31] [cifar10c.py:   50]: resetting model
[26/03/31 23:54:31] [cifar10c.py:   98]: error % [frost5]: 25.88%
[26/03/31 23:54:31] [cifar10c.py:   50]: resetting model
[26/03/31 23:54:32] [cifar10c.py:   98]: error % [fog5]: 18.87%
[26/03/31 23:54:32] [cifar10c.py:   50]: resetting model
[26/03/31 23:54:33] [cifar10c.py:   98]: error % [brightness5]: 13.31%
[26/03/31 23:54:33] [cifar10c.py:   50]: resetting model
[26/03/31 23:54:33] [cifar10c.py:   98]: error % [contrast5]: 18.21%
[26/03/31 23:54:33] [cifar10c.py:   50]: resetting model
[26/03/31 23:54:34] [cifar10c.py:   98]: error % [elastic_transform5]: 30.12%
[26/03/31 23:54:34] [cifar10c.py:   50]: resetting model
[26/03/31 23:54:35] [cifar10c.py:   98]: error % [pixelate5]: 28.62%
[26/03/31 23:54:35] [cifar10c.py:   50]: resetting model
[26/03/31 23:54:35] [cifar10c.py:   98]: error % [jpeg_compression5]: 33.32%
[26/03/31 23:54:35] [cifar10c.py:   50]: resetting model
[26/03/31 23:54:36] [cifar10c.py:   98]: error % [gaussian_noise4]: 35.46%
[26/03/31 23:54:36] [cifar10c.py:   50]: resetting model
[26/03/31 23:54:37] [cifar10c.py:   98]: error % [shot_noise4]: 31.71%
[26/03/31 23:54:37] [cifar10c.py:   50]: resetting model
[26/03/31 23:54:38] [cifar10c.py:   98]: error % [impulse_noise4]: 37.41%
[26/03/31 23:54:38] [cifar10c.py:   50]: resetting model
[26/03/31 23:54:38] [cifar10c.py:   98]: error % [defocus_blur4]: 12.40%
[26/03/31 23:54:38] [cifar10c.py:   50]: resetting model
[26/03/31 23:54:39] [cifar10c.py:   98]: error % [glass_blur4]: 42.77%
[26/03/31 23:54:39] [cifar10c.py:   50]: resetting model
[26/03/31 23:54:40] [cifar10c.py:   98]: error % [motion_blur4]: 17.66%
[26/03/31 23:54:40] [cifar10c.py:   50]: resetting model
[26/03/31 23:54:40] [cifar10c.py:   98]: error % [zoom_blur4]: 14.68%
[26/03/31 23:54:40] [cifar10c.py:   50]: resetting model
[26/03/31 23:54:41] [cifar10c.py:   98]: error % [snow4]: 24.52%
[26/03/31 23:54:41] [cifar10c.py:   50]: resetting model
[26/03/31 23:54:42] [cifar10c.py:   98]: error % [frost4]: 22.22%
[26/03/31 23:54:42] [cifar10c.py:   50]: resetting model
[26/03/31 23:54:43] [cifar10c.py:   98]: error % [fog4]: 13.01%
[26/03/31 23:54:43] [cifar10c.py:   50]: resetting model
[26/03/31 23:54:43] [cifar10c.py:   98]: error % [brightness4]: 11.59%
[26/03/31 23:54:43] [cifar10c.py:   50]: resetting model
[26/03/31 23:54:44] [cifar10c.py:   98]: error % [contrast4]: 13.78%
[26/03/31 23:54:44] [cifar10c.py:   50]: resetting model
[26/03/31 23:54:45] [cifar10c.py:   98]: error % [elastic_transform4]: 21.60%
[26/03/31 23:54:45] [cifar10c.py:   50]: resetting model
[26/03/31 23:54:45] [cifar10c.py:   98]: error % [pixelate4]: 20.32%
[26/03/31 23:54:45] [cifar10c.py:   50]: resetting model
[26/03/31 23:54:46] [cifar10c.py:   98]: error % [jpeg_compression4]: 30.94%
[26/03/31 23:54:46] [cifar10c.py:   50]: resetting model
[26/03/31 23:54:47] [cifar10c.py:   98]: error % [gaussian_noise3]: 32.38%
[26/03/31 23:54:47] [cifar10c.py:   50]: resetting model
[26/03/31 23:54:47] [cifar10c.py:   98]: error % [shot_noise3]: 28.18%
[26/03/31 23:54:47] [cifar10c.py:   50]: resetting model
[26/03/31 23:54:48] [cifar10c.py:   98]: error % [impulse_noise3]: 28.67%
[26/03/31 23:54:48] [cifar10c.py:   50]: resetting model
[26/03/31 23:54:49] [cifar10c.py:   98]: error % [defocus_blur3]: 10.55%
[26/03/31 23:54:49] [cifar10c.py:   50]: resetting model
[26/03/31 23:54:50] [cifar10c.py:   98]: error % [glass_blur3]: 32.02%
[26/03/31 23:54:50] [cifar10c.py:   50]: resetting model
[26/03/31 23:54:50] [cifar10c.py:   98]: error % [motion_blur3]: 16.94%
[26/03/31 23:54:50] [cifar10c.py:   50]: resetting model
[26/03/31 23:54:51] [cifar10c.py:   98]: error % [zoom_blur3]: 13.33%
[26/03/31 23:54:51] [cifar10c.py:   50]: resetting model
[26/03/31 23:54:52] [cifar10c.py:   98]: error % [snow3]: 22.44%
[26/03/31 23:54:52] [cifar10c.py:   50]: resetting model
[26/03/31 23:54:52] [cifar10c.py:   98]: error % [frost3]: 21.73%
[26/03/31 23:54:52] [cifar10c.py:   50]: resetting model
[26/03/31 23:54:53] [cifar10c.py:   98]: error % [fog3]: 11.46%
[26/03/31 23:54:53] [cifar10c.py:   50]: resetting model
[26/03/31 23:54:54] [cifar10c.py:   98]: error % [brightness3]: 11.03%
[26/03/31 23:54:54] [cifar10c.py:   50]: resetting model
[26/03/31 23:54:54] [cifar10c.py:   98]: error % [contrast3]: 12.48%
[26/03/31 23:54:54] [cifar10c.py:   50]: resetting model
[26/03/31 23:54:55] [cifar10c.py:   98]: error % [elastic_transform3]: 15.04%
[26/03/31 23:54:55] [cifar10c.py:   50]: resetting model
[26/03/31 23:54:56] [cifar10c.py:   98]: error % [pixelate3]: 16.16%
[26/03/31 23:54:56] [cifar10c.py:   50]: resetting model
[26/03/31 23:54:57] [cifar10c.py:   98]: error % [jpeg_compression3]: 27.47%
[26/03/31 23:54:57] [cifar10c.py:   50]: resetting model
[26/03/31 23:54:57] [cifar10c.py:   98]: error % [gaussian_noise2]: 25.38%
[26/03/31 23:54:57] [cifar10c.py:   50]: resetting model
[26/03/31 23:54:58] [cifar10c.py:   98]: error % [shot_noise2]: 19.49%
[26/03/31 23:54:58] [cifar10c.py:   50]: resetting model
[26/03/31 23:54:59] [cifar10c.py:   98]: error % [impulse_noise2]: 23.92%
[26/03/31 23:54:59] [cifar10c.py:   50]: resetting model
[26/03/31 23:54:59] [cifar10c.py:   98]: error % [defocus_blur2]: 10.17%
[26/03/31 23:54:59] [cifar10c.py:   50]: resetting model
[26/03/31 23:55:00] [cifar10c.py:   98]: error % [glass_blur2]: 32.68%
[26/03/31 23:55:00] [cifar10c.py:   50]: resetting model
[26/03/31 23:55:01] [cifar10c.py:   98]: error % [motion_blur2]: 14.56%
[26/03/31 23:55:01] [cifar10c.py:   50]: resetting model
[26/03/31 23:55:01] [cifar10c.py:   98]: error % [zoom_blur2]: 12.28%
[26/03/31 23:55:01] [cifar10c.py:   50]: resetting model
[26/03/31 23:55:02] [cifar10c.py:   98]: error % [snow2]: 22.33%
[26/03/31 23:55:02] [cifar10c.py:   50]: resetting model
[26/03/31 23:55:03] [cifar10c.py:   98]: error % [frost2]: 17.41%
[26/03/31 23:55:03] [cifar10c.py:   50]: resetting model
[26/03/31 23:55:04] [cifar10c.py:   98]: error % [fog2]: 10.51%
[26/03/31 23:55:04] [cifar10c.py:   50]: resetting model
[26/03/31 23:55:04] [cifar10c.py:   98]: error % [brightness2]: 10.58%
[26/03/31 23:55:04] [cifar10c.py:   50]: resetting model
[26/03/31 23:55:05] [cifar10c.py:   98]: error % [contrast2]: 11.58%
[26/03/31 23:55:05] [cifar10c.py:   50]: resetting model
[26/03/31 23:55:06] [cifar10c.py:   98]: error % [elastic_transform2]: 13.84%
[26/03/31 23:55:06] [cifar10c.py:   50]: resetting model
[26/03/31 23:55:06] [cifar10c.py:   98]: error % [pixelate2]: 15.03%
[26/03/31 23:55:06] [cifar10c.py:   50]: resetting model
[26/03/31 23:55:07] [cifar10c.py:   98]: error % [jpeg_compression2]: 25.52%
[26/03/31 23:55:07] [cifar10c.py:   50]: resetting model
[26/03/31 23:55:08] [cifar10c.py:   98]: error % [gaussian_noise1]: 18.56%
[26/03/31 23:55:08] [cifar10c.py:   50]: resetting model
[26/03/31 23:55:08] [cifar10c.py:   98]: error % [shot_noise1]: 15.72%
[26/03/31 23:55:08] [cifar10c.py:   50]: resetting model
[26/03/31 23:55:09] [cifar10c.py:   98]: error % [impulse_noise1]: 18.15%
[26/03/31 23:55:09] [cifar10c.py:   50]: resetting model
[26/03/31 23:55:10] [cifar10c.py:   98]: error % [defocus_blur1]: 10.12%
[26/03/31 23:55:10] [cifar10c.py:   50]: resetting model
[26/03/31 23:55:11] [cifar10c.py:   98]: error % [glass_blur1]: 32.44%
[26/03/31 23:55:11] [cifar10c.py:   50]: resetting model
[26/03/31 23:55:11] [cifar10c.py:   98]: error % [motion_blur1]: 12.48%
[26/03/31 23:55:11] [cifar10c.py:   50]: resetting model
[26/03/31 23:55:12] [cifar10c.py:   98]: error % [zoom_blur1]: 12.58%
[26/03/31 23:55:12] [cifar10c.py:   50]: resetting model
[26/03/31 23:55:13] [cifar10c.py:   98]: error % [snow1]: 15.26%
[26/03/31 23:55:13] [cifar10c.py:   50]: resetting model
[26/03/31 23:55:13] [cifar10c.py:   98]: error % [frost1]: 13.92%
[26/03/31 23:55:13] [cifar10c.py:   50]: resetting model
[26/03/31 23:55:14] [cifar10c.py:   98]: error % [fog1]: 10.16%
[26/03/31 23:55:14] [cifar10c.py:   50]: resetting model
[26/03/31 23:55:15] [cifar10c.py:   98]: error % [brightness1]: 10.34%
[26/03/31 23:55:15] [cifar10c.py:   50]: resetting model
[26/03/31 23:55:15] [cifar10c.py:   98]: error % [contrast1]: 10.48%
[26/03/31 23:55:15] [cifar10c.py:   50]: resetting model
[26/03/31 23:55:16] [cifar10c.py:   98]: error % [elastic_transform1]: 15.33%
[26/03/31 23:55:16] [cifar10c.py:   50]: resetting model
[26/03/31 23:55:17] [cifar10c.py:   98]: error % [pixelate1]: 12.98%
[26/03/31 23:55:17] [cifar10c.py:   50]: resetting model
[26/03/31 23:55:18] [cifar10c.py:   98]: error % [jpeg_compression1]: 19.55%
[2026-03-31 23:55:18] Norm complete, starting tent evaluation
[26/03/31 23:55:20] [conf.py:  223]: PyTorch Version: torch=2.5.1, cuda=11.8, cudnn=90100
[26/03/31 23:55:20] [conf.py:  225]: BN:
  EPS: 1e-05
  MOM: 0.1
CKPT_DIR: ./ckpt
CORRUPTION:
  DATASET: cifar10
  NUM_EX: 10000
  SEVERITY: [5, 4, 3, 2, 1]
  TYPE: ['gaussian_noise', 'shot_noise', 'impulse_noise', 'defocus_blur', 'glass_blur', 'motion_blur', 'zoom_blur', 'snow', 'frost', 'fog', 'brightness', 'contrast', 'elastic_transform', 'pixelate', 'jpeg_compression']
CUDNN:
  BENCHMARK: True
DATA_DIR: ./data
DESC: 
DEVICE: auto
LOG_DEST: tent_260331_235520.txt
LOG_TIME: 260331_235520
MODEL:
  ADAPTATION: tent
  ARCH: resnet26
  CKPT_PATH: ./ckpt/cifar10/resnet26_best.pth
  EPISODIC: False
  NUM_CLASSES: 10
OPTIM:
  BETA: 0.9
  DAMPENING: 0.0
  LR: 0.001
  METHOD: Adam
  MOMENTUM: 0.9
  NESTEROV: True
  STEPS: 1
  WD: 0.0
RNG_SEED: 1
SAVE_DIR: ./output
TEST:
  BATCH_SIZE: 200
  EVAL_CLEAN: True
  NUM_WORKERS: 2
[26/03/31 23:55:20] [cifar10c.py:   58]: using device: cuda
[26/03/31 23:55:20] [cifar10c.py:   21]: loaded checkpoint: ./ckpt/cifar10/resnet26_best.pth
[26/03/31 23:55:20] [cifar10c.py:   23]: checkpoint metadata: epoch=191, best_acc=0.9342
[26/03/31 23:55:20] [cifar10c.py:   68]: test-time adaptation: TENT
[26/03/31 23:55:20] [cifar10c.py:  129]: model for adaptation: CifarResNet
[26/03/31 23:55:20] [cifar10c.py:  130]: params for adaptation: ['stem.1.weight', 'stem.1.bias', 'layer1.0.bn1.weight', 'layer1.0.bn1.bias', 'layer1.0.bn2.weight', 'layer1.0.bn2.bias', 'layer1.1.bn1.weight', 'layer1.1.bn1.bias', 'layer1.1.bn2.weight', 'layer1.1.bn2.bias', 'layer1.2.bn1.weight', 'layer1.2.bn1.bias', 'layer1.2.bn2.weight', 'layer1.2.bn2.bias', 'layer1.3.bn1.weight', 'layer1.3.bn1.bias', 'layer1.3.bn2.weight', 'layer1.3.bn2.bias', 'layer2.0.bn1.weight', 'layer2.0.bn1.bias', 'layer2.0.bn2.weight', 'layer2.0.bn2.bias', 'layer2.0.downsample.1.weight', 'layer2.0.downsample.1.bias', 'layer2.1.bn1.weight', 'layer2.1.bn1.bias', 'layer2.1.bn2.weight', 'layer2.1.bn2.bias', 'layer2.2.bn1.weight', 'layer2.2.bn1.bias', 'layer2.2.bn2.weight', 'layer2.2.bn2.bias', 'layer2.3.bn1.weight', 'layer2.3.bn1.bias', 'layer2.3.bn2.weight', 'layer2.3.bn2.bias', 'layer3.0.bn1.weight', 'layer3.0.bn1.bias', 'layer3.0.bn2.weight', 'layer3.0.bn2.bias', 'layer3.0.downsample.1.weight', 'layer3.0.downsample.1.bias', 'layer3.1.bn1.weight', 'layer3.1.bn1.bias', 'layer3.1.bn2.weight', 'layer3.1.bn2.bias', 'layer3.2.bn1.weight', 'layer3.2.bn1.bias', 'layer3.2.bn2.weight', 'layer3.2.bn2.bias', 'layer3.3.bn1.weight', 'layer3.3.bn1.bias', 'layer3.3.bn2.weight', 'layer3.3.bn2.bias']
[26/03/31 23:55:20] [cifar10c.py:  131]: optimizer for adaptation: Adam (
Parameter Group 0
    amsgrad: False
    betas: (0.9, 0.999)
    capturable: False
    differentiable: False
    eps: 1e-08
    foreach: None
    fused: None
    lr: 0.001
    maximize: False
    weight_decay: 0.0
)
[26/03/31 23:55:21] [cifar10c.py:   50]: resetting model
[26/03/31 23:55:23] [cifar10c.py:   83]: clean error % [cifar10]: 9.04%
[26/03/31 23:55:23] [cifar10c.py:   50]: resetting model
[26/03/31 23:55:24] [cifar10c.py:   98]: error % [gaussian_noise5]: 33.17%
[26/03/31 23:55:24] [cifar10c.py:   50]: resetting model
[26/03/31 23:55:26] [cifar10c.py:   98]: error % [shot_noise5]: 31.60%
[26/03/31 23:55:26] [cifar10c.py:   50]: resetting model
[26/03/31 23:55:27] [cifar10c.py:   98]: error % [impulse_noise5]: 40.48%
[26/03/31 23:55:27] [cifar10c.py:   50]: resetting model
[26/03/31 23:55:29] [cifar10c.py:   98]: error % [defocus_blur5]: 15.78%
[26/03/31 23:55:29] [cifar10c.py:   50]: resetting model
[26/03/31 23:55:30] [cifar10c.py:   98]: error % [glass_blur5]: 39.14%
[26/03/31 23:55:30] [cifar10c.py:   50]: resetting model
[26/03/31 23:55:32] [cifar10c.py:   98]: error % [motion_blur5]: 17.53%
[26/03/31 23:55:32] [cifar10c.py:   50]: resetting model
[26/03/31 23:55:33] [cifar10c.py:   98]: error % [zoom_blur5]: 15.47%
[26/03/31 23:55:33] [cifar10c.py:   50]: resetting model
[26/03/31 23:55:35] [cifar10c.py:   98]: error % [snow5]: 22.20%
[26/03/31 23:55:35] [cifar10c.py:   50]: resetting model
[26/03/31 23:55:36] [cifar10c.py:   98]: error % [frost5]: 22.88%
[26/03/31 23:55:36] [cifar10c.py:   50]: resetting model
[26/03/31 23:55:38] [cifar10c.py:   98]: error % [fog5]: 17.62%
[26/03/31 23:55:38] [cifar10c.py:   50]: resetting model
[26/03/31 23:55:39] [cifar10c.py:   98]: error % [brightness5]: 12.27%
[26/03/31 23:55:39] [cifar10c.py:   50]: resetting model
[26/03/31 23:55:41] [cifar10c.py:   98]: error % [contrast5]: 18.30%
[26/03/31 23:55:41] [cifar10c.py:   50]: resetting model
[26/03/31 23:55:42] [cifar10c.py:   98]: error % [elastic_transform5]: 27.15%
[26/03/31 23:55:42] [cifar10c.py:   50]: resetting model
[26/03/31 23:55:44] [cifar10c.py:   98]: error % [pixelate5]: 24.81%
[26/03/31 23:55:44] [cifar10c.py:   50]: resetting model
[26/03/31 23:55:45] [cifar10c.py:   98]: error % [jpeg_compression5]: 29.32%
[26/03/31 23:55:45] [cifar10c.py:   50]: resetting model
[26/03/31 23:55:47] [cifar10c.py:   98]: error % [gaussian_noise4]: 30.62%
[26/03/31 23:55:47] [cifar10c.py:   50]: resetting model
[26/03/31 23:55:48] [cifar10c.py:   98]: error % [shot_noise4]: 26.74%
[26/03/31 23:55:48] [cifar10c.py:   50]: resetting model
[26/03/31 23:55:50] [cifar10c.py:   98]: error % [impulse_noise4]: 32.50%
[26/03/31 23:55:50] [cifar10c.py:   50]: resetting model
[26/03/31 23:55:51] [cifar10c.py:   98]: error % [defocus_blur4]: 11.43%
[26/03/31 23:55:51] [cifar10c.py:   50]: resetting model
[26/03/31 23:55:53] [cifar10c.py:   98]: error % [glass_blur4]: 38.84%
[26/03/31 23:55:53] [cifar10c.py:   50]: resetting model
[26/03/31 23:55:54] [cifar10c.py:   98]: error % [motion_blur4]: 16.25%
[26/03/31 23:55:54] [cifar10c.py:   50]: resetting model
[26/03/31 23:55:56] [cifar10c.py:   98]: error % [zoom_blur4]: 13.05%
[26/03/31 23:55:56] [cifar10c.py:   50]: resetting model
[26/03/31 23:55:57] [cifar10c.py:   98]: error % [snow4]: 21.93%
[26/03/31 23:55:57] [cifar10c.py:   50]: resetting model
[26/03/31 23:55:59] [cifar10c.py:   98]: error % [frost4]: 19.64%
[26/03/31 23:55:59] [cifar10c.py:   50]: resetting model
[26/03/31 23:56:00] [cifar10c.py:   98]: error % [fog4]: 11.71%
[26/03/31 23:56:00] [cifar10c.py:   50]: resetting model
[26/03/31 23:56:02] [cifar10c.py:   98]: error % [brightness4]: 10.57%
[26/03/31 23:56:02] [cifar10c.py:   50]: resetting model
[26/03/31 23:56:03] [cifar10c.py:   98]: error % [contrast4]: 14.05%
[26/03/31 23:56:03] [cifar10c.py:   50]: resetting model
[26/03/31 23:56:05] [cifar10c.py:   98]: error % [elastic_transform4]: 19.78%
[26/03/31 23:56:05] [cifar10c.py:   50]: resetting model
[26/03/31 23:56:06] [cifar10c.py:   98]: error % [pixelate4]: 16.69%
[26/03/31 23:56:06] [cifar10c.py:   50]: resetting model
[26/03/31 23:56:08] [cifar10c.py:   98]: error % [jpeg_compression4]: 26.48%
[26/03/31 23:56:08] [cifar10c.py:   50]: resetting model
[26/03/31 23:56:09] [cifar10c.py:   98]: error % [gaussian_noise3]: 27.16%
[26/03/31 23:56:09] [cifar10c.py:   50]: resetting model
[26/03/31 23:56:11] [cifar10c.py:   98]: error % [shot_noise3]: 23.62%
[26/03/31 23:56:11] [cifar10c.py:   50]: resetting model
[26/03/31 23:56:12] [cifar10c.py:   98]: error % [impulse_noise3]: 24.83%
[26/03/31 23:56:12] [cifar10c.py:   50]: resetting model
[26/03/31 23:56:14] [cifar10c.py:   98]: error % [defocus_blur3]: 9.38%
[26/03/31 23:56:14] [cifar10c.py:   50]: resetting model
[26/03/31 23:56:15] [cifar10c.py:   98]: error % [glass_blur3]: 28.44%
[26/03/31 23:56:15] [cifar10c.py:   50]: resetting model
[26/03/31 23:56:17] [cifar10c.py:   98]: error % [motion_blur3]: 15.40%
[26/03/31 23:56:17] [cifar10c.py:   50]: resetting model
[26/03/31 23:56:18] [cifar10c.py:   98]: error % [zoom_blur3]: 12.02%
[26/03/31 23:56:18] [cifar10c.py:   50]: resetting model
[26/03/31 23:56:20] [cifar10c.py:   98]: error % [snow3]: 19.73%
[26/03/31 23:56:20] [cifar10c.py:   50]: resetting model
[26/03/31 23:56:21] [cifar10c.py:   98]: error % [frost3]: 19.54%
[26/03/31 23:56:21] [cifar10c.py:   50]: resetting model
[26/03/31 23:56:23] [cifar10c.py:   98]: error % [fog3]: 10.79%
[26/03/31 23:56:23] [cifar10c.py:   50]: resetting model
[26/03/31 23:56:24] [cifar10c.py:   98]: error % [brightness3]: 9.92%
[26/03/31 23:56:24] [cifar10c.py:   50]: resetting model
[26/03/31 23:56:26] [cifar10c.py:   98]: error % [contrast3]: 13.30%
[26/03/31 23:56:26] [cifar10c.py:   50]: resetting model
[26/03/31 23:56:27] [cifar10c.py:   98]: error % [elastic_transform3]: 13.77%
[26/03/31 23:56:27] [cifar10c.py:   50]: resetting model
[26/03/31 23:56:29] [cifar10c.py:   98]: error % [pixelate3]: 14.30%
[26/03/31 23:56:29] [cifar10c.py:   50]: resetting model
[26/03/31 23:56:30] [cifar10c.py:   98]: error % [jpeg_compression3]: 24.24%
[26/03/31 23:56:30] [cifar10c.py:   50]: resetting model
[26/03/31 23:56:32] [cifar10c.py:   98]: error % [gaussian_noise2]: 21.83%
[26/03/31 23:56:32] [cifar10c.py:   50]: resetting model
[26/03/31 23:56:33] [cifar10c.py:   98]: error % [shot_noise2]: 16.87%
[26/03/31 23:56:33] [cifar10c.py:   50]: resetting model
[26/03/31 23:56:35] [cifar10c.py:   98]: error % [impulse_noise2]: 20.98%
[26/03/31 23:56:35] [cifar10c.py:   50]: resetting model
[26/03/31 23:56:36] [cifar10c.py:   98]: error % [defocus_blur2]: 9.15%
[26/03/31 23:56:36] [cifar10c.py:   50]: resetting model
[26/03/31 23:56:38] [cifar10c.py:   98]: error % [glass_blur2]: 28.67%
[26/03/31 23:56:38] [cifar10c.py:   50]: resetting model
[26/03/31 23:56:39] [cifar10c.py:   98]: error % [motion_blur2]: 13.37%
[26/03/31 23:56:39] [cifar10c.py:   50]: resetting model
[26/03/31 23:56:41] [cifar10c.py:   98]: error % [zoom_blur2]: 10.99%
[26/03/31 23:56:41] [cifar10c.py:   50]: resetting model
[26/03/31 23:56:42] [cifar10c.py:   98]: error % [snow2]: 19.19%
[26/03/31 23:56:42] [cifar10c.py:   50]: resetting model
[26/03/31 23:56:44] [cifar10c.py:   98]: error % [frost2]: 15.30%
[26/03/31 23:56:44] [cifar10c.py:   50]: resetting model
[26/03/31 23:56:45] [cifar10c.py:   98]: error % [fog2]: 9.62%
[26/03/31 23:56:45] [cifar10c.py:   50]: resetting model
[26/03/31 23:56:47] [cifar10c.py:   98]: error % [brightness2]: 9.30%
[26/03/31 23:56:47] [cifar10c.py:   50]: resetting model
[26/03/31 23:56:48] [cifar10c.py:   98]: error % [contrast2]: 11.98%
[26/03/31 23:56:48] [cifar10c.py:   50]: resetting model
[26/03/31 23:56:50] [cifar10c.py:   98]: error % [elastic_transform2]: 12.26%
[26/03/31 23:56:50] [cifar10c.py:   50]: resetting model
[26/03/31 23:56:51] [cifar10c.py:   98]: error % [pixelate2]: 12.95%
[26/03/31 23:56:51] [cifar10c.py:   50]: resetting model
[26/03/31 23:56:53] [cifar10c.py:   98]: error % [jpeg_compression2]: 22.46%
[26/03/31 23:56:53] [cifar10c.py:   50]: resetting model
[26/03/31 23:56:54] [cifar10c.py:   98]: error % [gaussian_noise1]: 16.07%
[26/03/31 23:56:54] [cifar10c.py:   50]: resetting model
[26/03/31 23:56:56] [cifar10c.py:   98]: error % [shot_noise1]: 13.34%
[26/03/31 23:56:56] [cifar10c.py:   50]: resetting model
[26/03/31 23:56:57] [cifar10c.py:   98]: error % [impulse_noise1]: 15.85%
[26/03/31 23:56:57] [cifar10c.py:   50]: resetting model
[26/03/31 23:56:59] [cifar10c.py:   98]: error % [defocus_blur1]: 9.28%
[26/03/31 23:56:59] [cifar10c.py:   50]: resetting model
[26/03/31 23:57:00] [cifar10c.py:   98]: error % [glass_blur1]: 28.35%
[26/03/31 23:57:00] [cifar10c.py:   50]: resetting model
[26/03/31 23:57:02] [cifar10c.py:   98]: error % [motion_blur1]: 11.15%
[26/03/31 23:57:02] [cifar10c.py:   50]: resetting model
[26/03/31 23:57:03] [cifar10c.py:   98]: error % [zoom_blur1]: 11.08%
[26/03/31 23:57:03] [cifar10c.py:   50]: resetting model
[26/03/31 23:57:05] [cifar10c.py:   98]: error % [snow1]: 13.50%
[26/03/31 23:57:05] [cifar10c.py:   50]: resetting model
[26/03/31 23:57:06] [cifar10c.py:   98]: error % [frost1]: 12.12%
[26/03/31 23:57:06] [cifar10c.py:   50]: resetting model
[26/03/31 23:57:08] [cifar10c.py:   98]: error % [fog1]: 9.20%
[26/03/31 23:57:08] [cifar10c.py:   50]: resetting model
[26/03/31 23:57:09] [cifar10c.py:   98]: error % [brightness1]: 9.43%
[26/03/31 23:57:09] [cifar10c.py:   50]: resetting model
[26/03/31 23:57:11] [cifar10c.py:   98]: error % [contrast1]: 9.73%
[26/03/31 23:57:11] [cifar10c.py:   50]: resetting model
[26/03/31 23:57:12] [cifar10c.py:   98]: error % [elastic_transform1]: 13.78%
[26/03/31 23:57:12] [cifar10c.py:   50]: resetting model
[26/03/31 23:57:14] [cifar10c.py:   98]: error % [pixelate1]: 11.41%
[26/03/31 23:57:14] [cifar10c.py:   50]: resetting model
[26/03/31 23:57:16] [cifar10c.py:   98]: error % [jpeg_compression1]: 17.18%
[2026-03-31 23:57:16] Evaluations complete, generating plots
Using logs:
source -> ./output/source_260331_235331.txt
norm -> ./output/norm_260331_235423.txt
tent -> ./output/tent_260331_235520.txt
✅ CSV saved
🔥 All plots saved in output/plots/
[2026-03-31 23:57:17] Full pipeline complete
